EDA Netlist Writer report for lab7
Wed Jan 05 02:12:02 2022
Quartus Prime Version 18.1.0 Build 625 09/12/2018 SJ Lite Edition


---------------------
; Table of Contents ;
---------------------
  1. Legal Notice
  2. EDA Netlist Writer Summary
  3. Simulation Settings
  4. Simulation Generated Files
  5. EDA Netlist Writer Messages



----------------
; Legal Notice ;
----------------
Copyright (C) 2018  Intel Corporation. All rights reserved.
Your use of Intel Corporation's design tools, logic functions 
and other software and tools, and its AMPP partner logic 
functions, and any output files from any of the foregoing 
(including device programming or simulation files), and any 
associated documentation or information are expressly subject 
to the terms and conditions of the Intel Program License 
Subscription Agreement, the Intel Quartus Prime License Agreement,
the Intel FPGA IP License Agreement, or other applicable license
agreement, including, without limitation, that your use is for
the sole purpose of programming logic devices manufactured by
Intel and sold by Intel or its authorized distributors.  Please
refer to the applicable agreement for further details.



+-------------------------------------------------------------------+
; EDA Netlist Writer Summary                                        ;
+---------------------------+---------------------------------------+
; EDA Netlist Writer Status ; Successful - Wed Jan 05 02:12:02 2022 ;
; Revision Name             ; lab7                                  ;
; Top-level Entity Name     ; lab7                                  ;
; Family                    ; Cyclone IV E                          ;
; Simulation Files Creation ; Successful                            ;
+---------------------------+---------------------------------------+


+----------------------------------------------------------------------------------------------------------------------------+
; Simulation Settings                                                                                                        ;
+---------------------------------------------------------------------------------------------------+------------------------+
; Option                                                                                            ; Setting                ;
+---------------------------------------------------------------------------------------------------+------------------------+
; Tool Name                                                                                         ; ModelSim-Altera (VHDL) ;
; Generate functional simulation netlist                                                            ; Off                    ;
; Time scale                                                                                        ; 1 ps                   ;
; Truncate long hierarchy paths                                                                     ; Off                    ;
; Map illegal HDL characters                                                                        ; Off                    ;
; Flatten buses into individual nodes                                                               ; Off                    ;
; Maintain hierarchy                                                                                ; Off                    ;
; Bring out device-wide set/reset signals as ports                                                  ; Off                    ;
; Enable glitch filtering                                                                           ; Off                    ;
; Do not write top level VHDL entity                                                                ; Off                    ;
; Disable detection of setup and hold time violations in the input registers of bi-directional pins ; Off                    ;
; Architecture name in VHDL output netlist                                                          ; structure              ;
; Generate third-party EDA tool command script for RTL functional simulation                        ; Off                    ;
; Generate third-party EDA tool command script for gate-level simulation                            ; Off                    ;
+---------------------------------------------------------------------------------------------------+------------------------+


+----------------------------------------------------------------------------------------------------------+
; Simulation Generated Files                                                                               ;
+----------------------------------------------------------------------------------------------------------+
; Generated Files                                                                                          ;
+----------------------------------------------------------------------------------------------------------+
; C:/Users/Xuan/Desktop/110F-MicrocomputerProject/lab7/simulation/modelsim/lab7_7_1200mv_85c_slow.vho      ;
; C:/Users/Xuan/Desktop/110F-MicrocomputerProject/lab7/simulation/modelsim/lab7_7_1200mv_0c_slow.vho       ;
; C:/Users/Xuan/Desktop/110F-MicrocomputerProject/lab7/simulation/modelsim/lab7_min_1200mv_0c_fast.vho     ;
; C:/Users/Xuan/Desktop/110F-MicrocomputerProject/lab7/simulation/modelsim/lab7.vho                        ;
; C:/Users/Xuan/Desktop/110F-MicrocomputerProject/lab7/simulation/modelsim/lab7_7_1200mv_85c_vhd_slow.sdo  ;
; C:/Users/Xuan/Desktop/110F-MicrocomputerProject/lab7/simulation/modelsim/lab7_7_1200mv_0c_vhd_slow.sdo   ;
; C:/Users/Xuan/Desktop/110F-MicrocomputerProject/lab7/simulation/modelsim/lab7_min_1200mv_0c_vhd_fast.sdo ;
; C:/Users/Xuan/Desktop/110F-MicrocomputerProject/lab7/simulation/modelsim/lab7_vhd.sdo                    ;
+----------------------------------------------------------------------------------------------------------+


+-----------------------------+
; EDA Netlist Writer Messages ;
+-----------------------------+
Info: *******************************************************************
Info: Running Quartus Prime EDA Netlist Writer
    Info: Version 18.1.0 Build 625 09/12/2018 SJ Lite Edition
    Info: Processing started: Wed Jan 05 02:12:00 2022
Info: Command: quartus_eda --read_settings_files=off --write_settings_files=off lab7 -c lab7
Info (204019): Generated file lab7_7_1200mv_85c_slow.vho in folder "C:/Users/Xuan/Desktop/110F-MicrocomputerProject/lab7/simulation/modelsim/" for EDA simulation tool
Info (204019): Generated file lab7_7_1200mv_0c_slow.vho in folder "C:/Users/Xuan/Desktop/110F-MicrocomputerProject/lab7/simulation/modelsim/" for EDA simulation tool
Info (204019): Generated file lab7_min_1200mv_0c_fast.vho in folder "C:/Users/Xuan/Desktop/110F-MicrocomputerProject/lab7/simulation/modelsim/" for EDA simulation tool
Info (204019): Generated file lab7.vho in folder "C:/Users/Xuan/Desktop/110F-MicrocomputerProject/lab7/simulation/modelsim/" for EDA simulation tool
Info (204019): Generated file lab7_7_1200mv_85c_vhd_slow.sdo in folder "C:/Users/Xuan/Desktop/110F-MicrocomputerProject/lab7/simulation/modelsim/" for EDA simulation tool
Info (204019): Generated file lab7_7_1200mv_0c_vhd_slow.sdo in folder "C:/Users/Xuan/Desktop/110F-MicrocomputerProject/lab7/simulation/modelsim/" for EDA simulation tool
Info (204019): Generated file lab7_min_1200mv_0c_vhd_fast.sdo in folder "C:/Users/Xuan/Desktop/110F-MicrocomputerProject/lab7/simulation/modelsim/" for EDA simulation tool
Info (204019): Generated file lab7_vhd.sdo in folder "C:/Users/Xuan/Desktop/110F-MicrocomputerProject/lab7/simulation/modelsim/" for EDA simulation tool
Info: Quartus Prime EDA Netlist Writer was successful. 0 errors, 0 warnings
    Info: Peak virtual memory: 4652 megabytes
    Info: Processing ended: Wed Jan 05 02:12:02 2022
    Info: Elapsed time: 00:00:02
    Info: Total CPU time (on all processors): 00:00:01


