Info: Start Nativelink Simulation process

========= EDA Simulation Settings =====================

Sim Mode              :  Gate
Family                :  cycloneive
Quartus root          :  c:/intelfpga_lite/18.1/quartus/bin64/
Quartus sim root      :  c:/intelfpga_lite/18.1/quartus/eda/sim_lib
Simulation Tool       :  modelsim-altera
Simulation Language   :  vhdl
Version               :  93
Simulation Mode       :  GUI
Sim Output File       :  lab2-1.vho
Sim SDF file          :  lab2-1__vhdl.sdo
Sim dir               :  simulation\modelsim

=======================================================

Info: Starting NativeLink simulation with ModelSim-Altera software
Sourced NativeLink script c:/intelfpga_lite/18.1/quartus/common/tcl/internal/nativelink/modelsim.tcl
Warning: File lab2-1_run_msim_gate_vhdl.do already exists - backing up current file as lab2-1_run_msim_gate_vhdl.do.bak11
Probing transcript
ModelSim-Altera Info: # Reading C:/intelFPGA_lite/18.1/modelsim_ae/tcl/vsim/pref.tcl
ModelSim-Altera Info: # do lab2-1_run_msim_gate_vhdl.do
ModelSim-Altera Info: # if {[file exists gate_work]} {
ModelSim-Altera Info: # 	vdel -lib gate_work -all
ModelSim-Altera Info: # }
ModelSim-Altera Info: # vlib gate_work
ModelSim-Altera Info: # vmap work gate_work
ModelSim-Altera Info: # Model Technology ModelSim - Intel FPGA Edition vmap 10.5b Lib Mapping Utility 2016.10 Oct  5 2016
ModelSim-Altera Info: # vmap work gate_work 
ModelSim-Altera Info: # Copying C:/intelFPGA_lite/18.1/modelsim_ae/win32aloem/../modelsim.ini to modelsim.ini
ModelSim-Altera Info: # Modifying modelsim.ini
ModelSim-Altera Info: # 
ModelSim-Altera Info: # vcom -93 -work work {lab2-1.vho}
ModelSim-Altera Info: # Model Technology ModelSim - Intel FPGA Edition vcom 10.5b Compiler 2016.10 Oct  5 2016
ModelSim-Altera Info: # Start time: 14:01:03 on Oct 18,2021
ModelSim-Altera Info: # vcom -reportprogress 300 -93 -work work lab2-1.vho 
ModelSim-Altera Info: # -- Loading package STANDARD
ModelSim-Altera Info: # -- Loading package TEXTIO
ModelSim-Altera Info: # -- Loading package std_logic_1164
ModelSim-Altera Info: # -- Loading package VITAL_Timing
ModelSim-Altera Info: # -- Loading package VITAL_Primitives
ModelSim-Altera Info: # -- Loading package cycloneive_atom_pack
ModelSim-Altera Info: # -- Loading package cycloneive_components
ModelSim-Altera Info: # -- Compiling entity hard_block
ModelSim-Altera Info: # -- Compiling architecture structure of hard_block
ModelSim-Altera Info: # -- Compiling entity fulladder
ModelSim-Altera Info: # -- Compiling architecture structure of fulladder
ModelSim-Altera Info: # End time: 14:01:03 on Oct 18,2021, Elapsed time: 0:00:00
ModelSim-Altera Info: # Errors: 0, Warnings: 0
ModelSim-Altera Info: # 
ModelSim-Altera Info: # vcom -93 -work work {D:/Xuan/Documents/MC_Lab/lab2-1/main.vhd}
ModelSim-Altera Info: # Model Technology ModelSim - Intel FPGA Edition vcom 10.5b Compiler 2016.10 Oct  5 2016
ModelSim-Altera Info: # Start time: 14:01:03 on Oct 18,2021
ModelSim-Altera Info: # vcom -reportprogress 300 -93 -work work D:/Xuan/Documents/MC_Lab/lab2-1/main.vhd 
ModelSim-Altera Info: # -- Loading package STANDARD
ModelSim-Altera Info: # -- Loading package TEXTIO
ModelSim-Altera Info: # -- Loading package std_logic_1164
ModelSim-Altera Error: # ** Error: (vcom-11) Could not find work.fulladd_package.
ModelSim-Altera Info: # ** Error (suppressible): D:/Xuan/Documents/MC_Lab/lab2-1/main.vhd(3): (vcom-1195) Cannot find expanded name "work.fulladd_package".
ModelSim-Altera Error: # ** Error: D:/Xuan/Documents/MC_Lab/lab2-1/main.vhd(3): Unknown expanded name.
ModelSim-Altera Error: # ** Error: (vcom-11) Could not find work.seven_segment_package.
ModelSim-Altera Info: # ** Error (suppressible): D:/Xuan/Documents/MC_Lab/lab2-1/main.vhd(4): (vcom-1195) Cannot find expanded name "work.seven_segment_package".
ModelSim-Altera Error: # ** Error: D:/Xuan/Documents/MC_Lab/lab2-1/main.vhd(4): Unknown expanded name.
ModelSim-Altera Error: # ** Error: D:/Xuan/Documents/MC_Lab/lab2-1/main.vhd(6): VHDL Compiler exiting
ModelSim-Altera Info: # End time: 14:01:03 on Oct 18,2021, Elapsed time: 0:00:00
ModelSim-Altera Info: # Errors: 7, Warnings: 0
ModelSim-Altera Error: # ** Error: C:/intelFPGA_lite/18.1/modelsim_ae/win32aloem/vcom failed.
ModelSim-Altera Info: # Error in macro ./lab2-1_run_msim_gate_vhdl.do line 10
ModelSim-Altera Info: # C:/intelFPGA_lite/18.1/modelsim_ae/win32aloem/vcom failed.
ModelSim-Altera Info: #     while executing
ModelSim-Altera Info: # "vcom -93 -work work {D:/Xuan/Documents/MC_Lab/lab2-1/main.vhd}"
ModelSim-Altera Info: vsim work.fulladder
ModelSim-Altera Info: # vsim work.fulladder 
ModelSim-Altera Info: # Start time: 14:01:14 on Oct 18,2021
ModelSim-Altera Info: # //  ModelSim - Intel FPGA Edition 10.5b Oct  5 2016
ModelSim-Altera Info: # //
ModelSim-Altera Info: # //  Copyright 1991-2016 Mentor Graphics Corporation
ModelSim-Altera Info: # //  All Rights Reserved.
ModelSim-Altera Info: # //
ModelSim-Altera Info: # //  ModelSim - Intel FPGA Edition and its associated documentation contain trade
ModelSim-Altera Info: # //  secrets and commercial or financial information that are the property of
ModelSim-Altera Info: # //  Mentor Graphics Corporation and are privileged, confidential,
ModelSim-Altera Info: # //  and exempt from disclosure under the Freedom of Information Act,
ModelSim-Altera Info: # //  5 U.S.C. Section 552. Furthermore, this information
ModelSim-Altera Info: # //  is prohibited from disclosure under the Trade Secrets Act,
ModelSim-Altera Info: # //  18 U.S.C. Section 1905.
ModelSim-Altera Info: # //
ModelSim-Altera Info: # Loading std.standard
ModelSim-Altera Info: # Loading std.textio(body)
ModelSim-Altera Info: # Loading ieee.std_logic_1164(body)
ModelSim-Altera Info: # Loading ieee.vital_timing(body)
ModelSim-Altera Info: # Loading ieee.vital_primitives(body)
ModelSim-Altera Info: # Loading cycloneive.cycloneive_atom_pack(body)
ModelSim-Altera Info: # Loading cycloneive.cycloneive_components
ModelSim-Altera Info: # Loading work.fulladder(structure)
ModelSim-Altera Info: # Loading work.hard_block(structure)
ModelSim-Altera Info: # Loading ieee.std_logic_arith(body)
ModelSim-Altera Info: # Loading cycloneive.cycloneive_io_obuf(arch)
ModelSim-Altera Info: # Loading cycloneive.cycloneive_io_ibuf(arch)
ModelSim-Altera Info: # Loading cycloneive.cycloneive_lcell_comb(vital_lcell_comb)
ModelSim-Altera Info: add wave -position insertpoint  \
ModelSim-Altera Info: sim:/fulladder/input_a
ModelSim-Altera Info: force -freeze sim:/fulladder/input_a 01111111 0
ModelSim-Altera Info: force -freeze sim:/fulladder/input_b 01111111 0
ModelSim-Altera Info: add wave -position insertpoint  \
ModelSim-Altera Info: sim:/fulladder/input_a \
ModelSim-Altera Info: sim:/fulladder/input_b \
ModelSim-Altera Info: sim:/fulladder/cout \
ModelSim-Altera Info: sim:/fulladder/l1 \
ModelSim-Altera Info: sim:/fulladder/l2 \
ModelSim-Altera Info: sim:/fulladder/led
ModelSim-Altera Info: run
ModelSim-Altera Info: # End time: 14:04:40 on Oct 18,2021, Elapsed time: 0:03:26
ModelSim-Altera Info: # Errors: 0, Warnings: 0
Error: Errors encountered while running modelsim do file
Error: NativeLink simulation flow was NOT successful



================The following additional information is provided to help identify the cause of error while running nativelink scripts=================
Nativelink TCL script failed with errorCode:  1
Nativelink TCL script failed with errorInfo:  1
    (procedure "launch_sim" line 1)
    invoked from within
"launch_sim launch_args_hash"
    ("eval" body line 1)
    invoked from within
"eval launch_sim launch_args_hash"
    invoked from within
"if [ info exists ::errorCode ] {
                set savedCode $::errorCode
                set savedInfo $::errorInfo
                error $result $..."
    invoked from within
"if [catch {eval launch_sim launch_args_hash} result ] {
            set status 1
            if [ info exists ::errorCode ] {
                set save..."
    (procedure "run_sim" line 74)
    invoked from within
"run_sim run_sim_args_hash"
    invoked from within
"if [ info exists ::errorCode ] {
            set savedCode $::errorCode
            set savedInfo $::errorInfo
            error "$result" $savedInfo ..."
    (procedure "run_eda_simulation_tool" line 334)
    invoked from within
"run_eda_simulation_tool eda_opts_hash"
